<?xml version="1.0" encoding="UTF-8"?>
<testsuite name="tests.ContactsDeletionTest" tests="1" skipped="0" failures="0" errors="0" timestamp="2018-02-06T15:08:57" hostname="PC123" time="6.169">
  <properties/>
  <testcase name="contactsDeletionTest" classname="tests.ContactsDeletionTest" time="6.169"/>
  <system-out><![CDATA[]]></system-out>
  <system-err><![CDATA[]]></system-err>
</testsuite>
