<?xml version="1.0" encoding="UTF-8"?>
<testsuite name="tests.GroupModificationTest" tests="1" skipped="0" failures="0" errors="0" timestamp="2018-02-06T14:56:33" hostname="PC123" time="2.744">
  <properties/>
  <testcase name="testGroupModify" classname="tests.GroupModificationTest" time="2.744"/>
  <system-out><![CDATA[]]></system-out>
  <system-err><![CDATA[]]></system-err>
</testsuite>
